kotlin version: 2.0.0
error message: org.jetbrains.kotlin.backend.common.BackendException: Backend Internal error: Exception during IR lowering
File being compiled: C:/Users/neman/AndroidStudioProjects/Blurri/blurri/src/main/java/com/kumcompany/blurri/BlurriImage.kt
The root cause java.lang.RuntimeException was thrown at: org.jetbrains.kotlin.backend.jvm.codegen.FunctionCodegen.generate(FunctionCodegen.kt:50)
	at org.jetbrains.kotlin.backend.common.CodegenUtil.reportBackendException(CodegenUtil.kt:253)
	at org.jetbrains.kotlin.backend.common.CodegenUtil.reportBackendException$default(CodegenUtil.kt:236)
	at org.jetbrains.kotlin.backend.common.phaser.PerformByIrFilePhase.invokeSequential(performByIrFile.kt:65)
	at org.jetbrains.kotlin.backend.common.phaser.PerformByIrFilePhase.invoke(performByIrFile.kt:52)
	at org.jetbrains.kotlin.backend.common.phaser.PerformByIrFilePhase.invoke(performByIrFile.kt:38)
	at org.jetbrains.kotlin.backend.common.phaser.NamedCompilerPhase.phaseBody(CompilerPhase.kt:166)
	at org.jetbrains.kotlin.backend.common.phaser.AbstractNamedCompilerPhase.invoke(CompilerPhase.kt:113)
	at org.jetbrains.kotlin.backend.common.phaser.CompositePhase.invoke(PhaseBuilders.kt:29)
	at org.jetbrains.kotlin.backend.common.phaser.CompositePhase.invoke(PhaseBuilders.kt:16)
	at org.jetbrains.kotlin.backend.common.phaser.NamedCompilerPhase.phaseBody(CompilerPhase.kt:166)
	at org.jetbrains.kotlin.backend.common.phaser.AbstractNamedCompilerPhase.invoke(CompilerPhase.kt:113)
	at org.jetbrains.kotlin.backend.common.phaser.CompilerPhaseKt.invokeToplevel(CompilerPhase.kt:62)
	at org.jetbrains.kotlin.backend.jvm.JvmIrCodegenFactory.invokeCodegen(JvmIrCodegenFactory.kt:371)
	at org.jetbrains.kotlin.codegen.CodegenFactory.generateModule(CodegenFactory.kt:47)
	at org.jetbrains.kotlin.backend.jvm.JvmIrCodegenFactory.generateModuleInFrontendIRMode(JvmIrCodegenFactory.kt:433)
	at org.jetbrains.kotlin.cli.jvm.compiler.pipeline.JvmCompilerPipelineKt.generateCodeFromIr(jvmCompilerPipeline.kt:241)
	at org.jetbrains.kotlin.cli.jvm.compiler.pipeline.JvmCompilerPipelineKt.compileModulesUsingFrontendIrAndLightTree(jvmCompilerPipeline.kt:140)
	at org.jetbrains.kotlin.cli.jvm.K2JVMCompiler.doExecute(K2JVMCompiler.kt:155)
	at org.jetbrains.kotlin.cli.jvm.K2JVMCompiler.doExecute(K2JVMCompiler.kt:50)
	at org.jetbrains.kotlin.cli.common.CLICompiler.execImpl(CLICompiler.kt:104)
	at org.jetbrains.kotlin.cli.common.CLICompiler.execImpl(CLICompiler.kt:48)
	at org.jetbrains.kotlin.cli.common.CLITool.exec(CLITool.kt:101)
	at org.jetbrains.kotlin.incremental.IncrementalJvmCompilerRunner.runCompiler(IncrementalJvmCompilerRunner.kt:453)
	at org.jetbrains.kotlin.incremental.IncrementalJvmCompilerRunner.runCompiler(IncrementalJvmCompilerRunner.kt:62)
	at org.jetbrains.kotlin.incremental.IncrementalCompilerRunner.doCompile(IncrementalCompilerRunner.kt:506)
	at org.jetbrains.kotlin.incremental.IncrementalCompilerRunner.compileImpl(IncrementalCompilerRunner.kt:423)
	at org.jetbrains.kotlin.incremental.IncrementalCompilerRunner.compileNonIncrementally(IncrementalCompilerRunner.kt:301)
	at org.jetbrains.kotlin.incremental.IncrementalCompilerRunner.compile(IncrementalCompilerRunner.kt:129)
	at org.jetbrains.kotlin.daemon.CompileServiceImplBase.execIncrementalCompiler(CompileServiceImpl.kt:676)
	at org.jetbrains.kotlin.daemon.CompileServiceImplBase.access$execIncrementalCompiler(CompileServiceImpl.kt:92)
	at org.jetbrains.kotlin.daemon.CompileServiceImpl.compile(CompileServiceImpl.kt:1661)
	at java.base/jdk.internal.reflect.DirectMethodHandleAccessor.invoke(Unknown Source)
	at java.base/java.lang.reflect.Method.invoke(Unknown Source)
	at java.rmi/sun.rmi.server.UnicastServerRef.dispatch(Unknown Source)
	at java.rmi/sun.rmi.transport.Transport$1.run(Unknown Source)
	at java.rmi/sun.rmi.transport.Transport$1.run(Unknown Source)
	at java.base/java.security.AccessController.doPrivileged(Unknown Source)
	at java.rmi/sun.rmi.transport.Transport.serviceCall(Unknown Source)
	at java.rmi/sun.rmi.transport.tcp.TCPTransport.handleMessages(Unknown Source)
	at java.rmi/sun.rmi.transport.tcp.TCPTransport$ConnectionHandler.run0(Unknown Source)
	at java.rmi/sun.rmi.transport.tcp.TCPTransport$ConnectionHandler.lambda$run$0(Unknown Source)
	at java.base/java.security.AccessController.doPrivileged(Unknown Source)
	at java.rmi/sun.rmi.transport.tcp.TCPTransport$ConnectionHandler.run(Unknown Source)
	at java.base/java.util.concurrent.ThreadPoolExecutor.runWorker(Unknown Source)
	at java.base/java.util.concurrent.ThreadPoolExecutor$Worker.run(Unknown Source)
	at java.base/java.lang.Thread.run(Unknown Source)
Caused by: java.lang.RuntimeException: Exception while generating code for:
FUN name:BlurriImage visibility:public modality:FINAL <> (modifier:androidx.compose.ui.Modifier, url:kotlin.String, contentDescription:kotlin.String?, contentScale:androidx.compose.ui.layout.ContentScale) returnType:kotlin.Unit
  annotations:
    Composable
  VALUE_PARAMETER name:modifier index:0 type:androidx.compose.ui.Modifier
    EXPRESSION_BODY
      ERROR_EXPR 'Default Stub' type=androidx.compose.ui.Modifier
  VALUE_PARAMETER name:url index:1 type:kotlin.String
  VALUE_PARAMETER name:contentDescription index:2 type:kotlin.String?
  VALUE_PARAMETER name:contentScale index:3 type:androidx.compose.ui.layout.ContentScale
    EXPRESSION_BODY
      ERROR_EXPR 'Default Stub' type=androidx.compose.ui.layout.ContentScale
  BLOCK_BODY
    VAR PROPERTY_DELEGATE name:isLoading$delegate type:androidx.compose.runtime.MutableState<kotlin.Boolean> [val]
      TYPE_OP type=androidx.compose.runtime.MutableState<kotlin.Boolean> origin=IMPLICIT_CAST typeOperand=androidx.compose.runtime.MutableState<kotlin.Boolean>
        CALL 'public final fun rememberSaveable$default <T> (vararg inputs: kotlin.Any?, saver: androidx.compose.runtime.saveable.Saver<T of androidx.compose.runtime.saveable.RememberSaveableKt.rememberSaveable$default, out kotlin.Any>?, key: kotlin.String?, init: kotlin.Function0<T of androidx.compose.runtime.saveable.RememberSaveableKt.rememberSaveable$default>, $mask0: kotlin.Int, $handler: kotlin.Any?): T of androidx.compose.runtime.saveable.RememberSaveableKt.rememberSaveable$default declared in androidx.compose.runtime.saveable.RememberSaveableKt' type=T of androidx.compose.runtime.saveable.RememberSaveableKt.rememberSaveable$default origin=DEFAULT_DISPATCH_CALL
          <T>: androidx.compose.runtime.MutableState<kotlin.Boolean>
          inputs: CALL 'public final fun arrayOfNulls <T> (size: kotlin.Int): kotlin.Array<T of kotlin.arrayOfNulls?> declared in kotlin' type=kotlin.Array<out kotlin.Any?> origin=null
            <T>: kotlin.Any?
            size: CONST Int type=kotlin.Int value=0
          saver: COMPOSITE type=androidx.compose.runtime.saveable.Saver<T of androidx.compose.runtime.saveable.RememberSaveableKt.rememberSaveable$default, out kotlin.Any>? origin=DEFAULT_VALUE
            CONST Null type=androidx.compose.runtime.saveable.Saver<T of androidx.compose.runtime.saveable.RememberSaveableKt.rememberSaveable$default, out kotlin.Any>? value=null
          key: COMPOSITE type=kotlin.String? origin=DEFAULT_VALUE
            CONST Null type=kotlin.String? value=null
          init: BLOCK type=kotlin.Function0<androidx.compose.runtime.MutableState<kotlin.Boolean>> origin=LAMBDA
            COMPOSITE type=kotlin.Unit origin=null
            CALL 'public final fun <jvm-indy> <T> (dynamicCall: T of kotlin.jvm.internal.<jvm-indy>, bootstrapMethodHandle: kotlin.Any, vararg bootstrapMethodArguments: kotlin.Any): T of kotlin.jvm.internal.<jvm-indy> declared in kotlin.jvm.internal' type=kotlin.Function0<androidx.compose.runtime.MutableState<kotlin.Boolean>> origin=null
              <T>: kotlin.Function0<androidx.compose.runtime.MutableState<kotlin.Boolean>>
              dynamicCall: CALL 'public final fun invoke (): kotlin.Function0<androidx.compose.runtime.MutableState<kotlin.Boolean>> declared in kotlin.jvm.internal.invokeDynamic' type=kotlin.Function0<androidx.compose.runtime.MutableState<kotlin.Boolean>> origin=null
              bootstrapMethodHandle: CALL 'public final fun <jvm-method-handle> (tag: kotlin.Int, owner: kotlin.String, name: kotlin.String, descriptor: kotlin.String, isInterface: kotlin.Boolean): kotlin.Any declared in kotlin.jvm.internal' type=kotlin.Any origin=null
                tag: CONST Int type=kotlin.Int value=6
                owner: CONST String type=kotlin.String value="java/lang/invoke/LambdaMetafactory"
                name: CONST String type=kotlin.String value="metafactory"
                descriptor: CONST String type=kotlin.String value="(Ljava/lang/invoke/MethodHandles$Lookup;Ljava/lang/String;Ljava/lang/invoke/MethodType;Ljava/lang/invoke/MethodType;Ljava/lang/invoke/MethodHandle;Ljava/lang/invoke/MethodType;)Ljava/lang/invoke/CallSite;"
                isInterface: CONST Boolean type=kotlin.Boolean value=false
              bootstrapMethodArguments: VARARG type=kotlin.Array<kotlin.Any> varargElementType=kotlin.Any
                CALL 'public final fun <jvm-original-method-type> (method: kotlin.Any): kotlin.Any declared in kotlin.jvm.internal' type=kotlin.Any origin=null
                  method: RAW_FUNCTION_REFERENCE 'public abstract fun invoke (): R of kotlin.Function0 [operator] declared in kotlin.Function0' type=kotlin.Any
                RAW_FUNCTION_REFERENCE 'private final fun BlurriImage$lambda$0 (): androidx.compose.runtime.MutableState<kotlin.Boolean> declared in com.kumcompany.blurri.BlurriImageKt' type=kotlin.Any
                CALL 'public final fun <jvm-original-method-type> (method: kotlin.Any): kotlin.Any declared in kotlin.jvm.internal' type=kotlin.Any origin=null
                  method: RAW_FUNCTION_REFERENCE 'public abstract fun invoke (): androidx.compose.runtime.MutableState<kotlin.Boolean> [fake_override,operator] declared in kotlin.jvm.internal.invokeDynamic.<fake>' type=kotlin.Any
          $mask0: CONST Int type=kotlin.Int value=6
          $handler: CONST Null type=kotlin.Any? value=null
    VAR PROPERTY_DELEGATE name:bitmap$delegate type:androidx.compose.runtime.MutableState<android.graphics.Bitmap?> [val]
      CALL 'public final fun remember <T> (calculation: @[DisallowComposableCalls] kotlin.Function0<T of androidx.compose.runtime.ComposablesKt.remember>): T of androidx.compose.runtime.ComposablesKt.remember [inline] declared in androidx.compose.runtime.ComposablesKt' type=androidx.compose.runtime.MutableState<android.graphics.Bitmap?> origin=null
        <T>: androidx.compose.runtime.MutableState<android.graphics.Bitmap?>
        calculation: BLOCK type=kotlin.Function0<androidx.compose.runtime.MutableState<android.graphics.Bitmap?>> origin=LAMBDA
          COMPOSITE type=kotlin.Unit origin=null
          FUNCTION_REFERENCE 'private final fun BlurriImage$lambda$3 (): androidx.compose.runtime.MutableState<android.graphics.Bitmap?> declared in com.kumcompany.blurri.BlurriImageKt' type=kotlin.Function0<androidx.compose.runtime.MutableState<android.graphics.Bitmap?>> origin=INLINE_LAMBDA reflectionTarget=null
    WHEN type=kotlin.Unit origin=IF
      BRANCH
        if: CALL 'public final fun ANDAND (arg0: kotlin.Boolean, arg1: kotlin.Boolean): kotlin.Boolean declared in kotlin.internal.ir' type=kotlin.Boolean origin=null
          arg0: CALL 'public final fun EQEQ (arg0: kotlin.Any?, arg1: kotlin.Any?): kotlin.Boolean declared in kotlin.internal.ir' type=kotlin.Boolean origin=EQEQ
            arg0: CALL 'private final fun BlurriImage$lambda$4 ($bitmap$delegate: androidx.compose.runtime.MutableState<android.graphics.Bitmap?>): android.graphics.Bitmap? declared in com.kumcompany.blurri.BlurriImageKt' type=android.graphics.Bitmap? origin=GET_LOCAL_PROPERTY
              $bitmap$delegate: GET_VAR 'val bitmap$delegate: androidx.compose.runtime.MutableState<android.graphics.Bitmap?> [val] declared in com.kumcompany.blurri.BlurriImageKt.BlurriImage' type=androidx.compose.runtime.MutableState<android.graphics.Bitmap?> origin=null
            arg1: CONST Null type=kotlin.Nothing? value=null
          arg1: CALL 'private final fun BlurriImage$lambda$1 ($isLoading$delegate: androidx.compose.runtime.MutableState<kotlin.Boolean>): kotlin.Boolean declared in com.kumcompany.blurri.BlurriImageKt' type=kotlin.Boolean origin=GET_LOCAL_PROPERTY
            $isLoading$delegate: GET_VAR 'val isLoading$delegate: androidx.compose.runtime.MutableState<kotlin.Boolean> [val] declared in com.kumcompany.blurri.BlurriImageKt.BlurriImage' type=androidx.compose.runtime.MutableState<kotlin.Boolean> origin=null
        then: BLOCK type=kotlin.Unit origin=null
          CALL 'public final fun LaunchedEffect (key1: kotlin.Any?, block: @[ExtensionFunctionType] kotlin.coroutines.SuspendFunction1<kotlinx.coroutines.CoroutineScope, kotlin.Unit>): kotlin.Unit declared in androidx.compose.runtime.EffectsKt' type=kotlin.Unit origin=null
            key1: GET_VAR 'url: kotlin.String declared in com.kumcompany.blurri.BlurriImageKt.BlurriImage' type=kotlin.String origin=null
            block: BLOCK type=com.kumcompany.blurri.BlurriImageKt.BlurriImage.<no name provided> origin=null
              CLASS SUSPEND_LAMBDA CLASS name:<no name provided> modality:FINAL visibility:public/*package*/ superTypes:[kotlin.coroutines.jvm.internal.SuspendLambda; kotlin.jvm.functions.Function2<kotlinx.coroutines.CoroutineScope, kotlin.coroutines.Continuation<kotlin.Unit>?, kotlin.Any?>]
                $this: VALUE_PARAMETER INSTANCE_RECEIVER name:<this> type:com.kumcompany.blurri.BlurriImageKt.BlurriImage.<no name provided>
                FIELD name:label type:kotlin.Int visibility:public/*package*/
                CONSTRUCTOR SUSPEND_LAMBDA visibility:public/*package*/ <> ($url:kotlin.String, $isLoading$delegate:androidx.compose.runtime.MutableState<kotlin.Boolean>, $bitmap$delegate:androidx.compose.runtime.MutableState<android.graphics.Bitmap?>, $completion:kotlin.coroutines.Continuation<com.kumcompany.blurri.BlurriImageKt.BlurriImage.<no name provided>>?) returnType:com.kumcompany.blurri.BlurriImageKt.BlurriImage.<no name provided> [primary]
                  VALUE_PARAMETER BOUND_VALUE_PARAMETER name:$url index:0 type:kotlin.String
                  VALUE_PARAMETER BOUND_VALUE_PARAMETER name:$isLoading$delegate index:1 type:androidx.compose.runtime.MutableState<kotlin.Boolean>
                  VALUE_PARAMETER BOUND_VALUE_PARAMETER name:$bitmap$delegate index:2 type:androidx.compose.runtime.MutableState<android.graphics.Bitmap?>
                  VALUE_PARAMETER name:$completion index:3 type:kotlin.coroutines.Continuation<com.kumcompany.blurri.BlurriImageKt.BlurriImage.<no name provided>>?
                  BLOCK_BODY
                    SET_FIELD 'FIELD FIELD_FOR_CAPTURED_VALUE name:$url type:kotlin.String visibility:public/*package*/ [final]' type=kotlin.Unit origin=INITIALIZER_OF_FIELD_FOR_CAPTURED_VALUE
                      receiver: GET_VAR '<this>: com.kumcompany.blurri.BlurriImageKt.BlurriImage.<no name provided> declared in com.kumcompany.blurri.BlurriImageKt.BlurriImage.<no name provided>' type=com.kumcompany.blurri.BlurriImageKt.BlurriImage.<no name provided> origin=null
                      value: GET_VAR '$url: kotlin.String declared in com.kumcompany.blurri.BlurriImageKt.BlurriImage.<no name provided>.<init>' type=kotlin.String origin=null
                    SET_FIELD 'FIELD FIELD_FOR_CAPTURED_VALUE name:$isLoading$delegate type:androidx.compose.runtime.MutableState<kotlin.Boolean> visibility:public/*package*/ [final]' type=kotlin.Unit origin=INITIALIZER_OF_FIELD_FOR_CAPTURED_VALUE
                      receiver: GET_VAR '<this>: com.kumcompany.blurri.BlurriImageKt.BlurriImage.<no name provided> declared in com.kumcompany.blurri.BlurriImageKt.BlurriImage.<no name provided>' type=com.kumcompany.blurri.BlurriImageKt.BlurriImage.<no name provided> origin=null
                      value: GET_VAR '$isLoading$delegate: androidx.compose.runtime.MutableState<kotlin.Boolean> declared in com.kumcompany.blurri.BlurriImageKt.BlurriImage.<no name provided>.<init>' type=androidx.compose.runtime.MutableState<kotlin.Boolean> origin=null
                    SET_FIELD 'FIELD FIELD_FOR_CAPTURED_VALUE name:$bitmap$delegate type:androidx.compose.runtime.MutableState<android.graphics.Bitmap?> visibility:public/*package*/ [final]' type=kotlin.Unit origin=INITIALIZER_OF_FIELD_FOR_CAPTURED_VALUE
                      receiver: GET_VAR '<this>: com.kumcompany.blurri.BlurriImageKt.BlurriImage.<no name provided> declared in com.kumcompany.blurri.BlurriImageKt.BlurriImage.<no name provided>' type=com.kumcompany.blurri.BlurriImageKt.BlurriImage.<no name provided> origin=null
                      value: GET_VAR '$bitmap$delegate: androidx.compose.runtime.MutableState<android.graphics.Bitmap?> declared in com.kumcompany.blurri.BlurriImageKt.BlurriImage.<no name provided>.<init>' type=androidx.compose.runtime.MutableState<android.graphics.Bitmap?> origin=null
                    DELEGATING_CONSTRUCTOR_CALL 'public constructor <init> (arity: kotlin.Int, $completion: kotlin.coroutines.Continuation<kotlin.Any?>?) declared in kotlin.coroutines.jvm.internal.SuspendLambda'
                      arity: CONST Int type=kotlin.Int value=2
                      $completion: GET_VAR '$completion: kotlin.coroutines.Continuation<com.kumcompany.blurri.BlurriImageKt.BlurriImage.<no name provided>>? declared in com.kumcompany.blurri.BlurriImageKt.BlurriImage.<no name provided>.<init>' type=kotlin.coroutines.Continuation<com.kumcompany.blurri.BlurriImageKt.BlurriImage.<no name provided>>? origin=null
                    BLOCK type=kotlin.Unit origin=null
                FUN name:invokeSuspend visibility:public modality:FINAL <> ($this:com.kumcompany.blurri.BlurriImageKt.BlurriImage.<no name provided>, $result:kotlin.Result<kotlin.Any?>) returnType:kotlin.Any?
                  overridden:
                    protected abstract fun invokeSuspend ($result: kotlin.Result<kotlin.Any?>): kotlin.Any? declared in kotlin.coroutines.jvm.internal.SuspendLambda
                  $this: VALUE_PARAMETER INSTANCE_RECEIVER name:<this> type:com.kumcompany.blurri.BlurriImageKt.BlurriImage.<no name provided>
                  VALUE_PARAMETER name:$result index:0 type:kotlin.Result<kotlin.Any?>
                  BLOCK_BODY
                    CALL 'public final fun access$BlurriImage$lambda$2 ($isLoading$delegate: androidx.compose.runtime.MutableState<kotlin.Boolean>, <set-?>: kotlin.Boolean): kotlin.Unit declared in com.kumcompany.blurri.BlurriImageKt' type=kotlin.Unit origin=EQ
                      $isLoading$delegate: GET_FIELD 'FIELD FIELD_FOR_CAPTURED_VALUE name:$isLoading$delegate type:androidx.compose.runtime.MutableState<kotlin.Boolean> visibility:public/*package*/ [final]' type=androidx.compose.runtime.MutableState<kotlin.Boolean> origin=null
                        receiver: GET_VAR '<this>: com.kumcompany.blurri.BlurriImageKt.BlurriImage.<no name provided> declared in com.kumcompany.blurri.BlurriImageKt.BlurriImage.<no name provided>.invokeSuspend' type=com.kumcompany.blurri.BlurriImageKt.BlurriImage.<no name provided> origin=null
                      <set-?>: CONST Boolean type=kotlin.Boolean value=true
                    CALL 'public final fun loadImageFromUrl (url: kotlin.String, onSuccess: kotlin.Function1<android.graphics.Bitmap, kotlin.Unit>, onError: kotlin.Function1<kotlin.String, kotlin.Unit>, $completion: kotlin.coroutines.Continuation<kotlin.Unit>): kotlin.Any? [suspend] declared in com.kumcompany.blurri.Blurri' type=kotlin.Unit origin=null
                      $this: GET_FIELD 'FIELD FIELD_FOR_OBJECT_INSTANCE name:INSTANCE type:com.kumcompany.blurri.Blurri visibility:public [final,static]' type=com.kumcompany.blurri.Blurri origin=null
                      url: GET_FIELD 'FIELD FIELD_FOR_CAPTURED_VALUE name:$url type:kotlin.String visibility:public/*package*/ [final]' type=kotlin.String origin=null
                        receiver: GET_VAR '<this>: com.kumcompany.blurri.BlurriImageKt.BlurriImage.<no name provided> declared in com.kumcompany.blurri.BlurriImageKt.BlurriImage.<no name provided>.invokeSuspend' type=com.kumcompany.blurri.BlurriImageKt.BlurriImage.<no name provided> origin=null
                      onSuccess: BLOCK type=kotlin.Function1<android.graphics.Bitmap, kotlin.Unit> origin=LAMBDA
                        COMPOSITE type=kotlin.Unit origin=null
                        CALL 'public final fun <jvm-indy> <T> (dynamicCall: T of kotlin.jvm.internal.<jvm-indy>, bootstrapMethodHandle: kotlin.Any, vararg bootstrapMethodArguments: kotlin.Any): T of kotlin.jvm.internal.<jvm-indy> declared in kotlin.jvm.internal' type=kotlin.Function1<android.graphics.Bitmap, kotlin.Unit> origin=null
                          <T>: kotlin.Function1<android.graphics.Bitmap, kotlin.Unit>
                          dynamicCall: CALL 'public final fun invoke (p0: androidx.compose.runtime.MutableState<android.graphics.Bitmap?>, p1: androidx.compose.runtime.MutableState<kotlin.Boolean>): kotlin.Function1<android.graphics.Bitmap, kotlin.Unit> declared in kotlin.jvm.internal.invokeDynamic' type=kotlin.Function1<android.graphics.Bitmap, kotlin.Unit> origin=null
                            p0: GET_FIELD 'FIELD FIELD_FOR_CAPTURED_VALUE name:$bitmap$delegate type:androidx.compose.runtime.MutableState<android.graphics.Bitmap?> visibility:public/*package*/ [final]' type=androidx.compose.runtime.MutableState<android.graphics.Bitmap?> origin=null
                              receiver: GET_VAR '<this>: com.kumcompany.blurri.BlurriImageKt.BlurriImage.<no name provided> declared in com.kumcompany.blurri.BlurriImageKt.BlurriImage.<no name provided>.invokeSuspend' type=com.kumcompany.blurri.BlurriImageKt.BlurriImage.<no name provided> origin=null
                            p1: GET_FIELD 'FIELD FIELD_FOR_CAPTURED_VALUE name:$isLoading$delegate type:androidx.compose.runtime.MutableState<kotlin.Boolean> visibility:public/*package*/ [final]' type=androidx.compose.runtime.MutableState<kotlin.Boolean> origin=null
                              receiver: GET_VAR '<this>: com.kumcompany.blurri.BlurriImageKt.BlurriImage.<no name provided> declared in com.kumcompany.blurri.BlurriImageKt.BlurriImage.<no name provided>.invokeSuspend' type=com.kumcompany.blurri.BlurriImageKt.BlurriImage.<no name provided> origin=null
                          bootstrapMethodHandle: CALL 'public final fun <jvm-method-handle> (tag: kotlin.Int, owner: kotlin.String, name: kotlin.String, descriptor: kotlin.String, isInterface: kotlin.Boolean): kotlin.Any declared in kotlin.jvm.internal' type=kotlin.Any origin=null
                            tag: CONST Int type=kotlin.Int value=6
                            owner: CONST String type=kotlin.String value="java/lang/invoke/LambdaMetafactory"
                            name: CONST String type=kotlin.String value="metafactory"
                            descriptor: CONST String type=kotlin.String value="(Ljava/lang/invoke/MethodHandles$Lookup;Ljava/lang/String;Ljava/lang/invoke/MethodType;Ljava/lang/invoke/MethodType;Ljava/lang/invoke/MethodHandle;Ljava/lang/invoke/MethodType;)Ljava/lang/invoke/CallSite;"
                            isInterface: CONST Boolean type=kotlin.Boolean value=false
                          bootstrapMethodArguments: VARARG type=kotlin.Array<kotlin.Any> varargElementType=kotlin.Any
                            CALL 'public final fun <jvm-original-method-type> (method: kotlin.Any): kotlin.Any declared in kotlin.jvm.internal' type=kotlin.Any origin=null
                              method: RAW_FUNCTION_REFERENCE 'public abstract fun invoke (p1: P1 of kotlin.Function1): R of kotlin.Function1 [operator] declared in kotlin.Function1' type=kotlin.Any
                            RAW_FUNCTION_REFERENCE 'private final fun invokeSuspend$lambda$0 ($bitmap$delegate: androidx.compose.runtime.MutableState<android.graphics.Bitmap?>, $isLoading$delegate: androidx.compose.runtime.MutableState<kotlin.Boolean>, loadedBitmap: android.graphics.Bitmap): kotlin.Unit? declared in com.kumcompany.blurri.BlurriImageKt.BlurriImage.<no name provided>' type=kotlin.Any
                            CALL 'public final fun <jvm-original-method-type> (method: kotlin.Any): kotlin.Any declared in kotlin.jvm.internal' type=kotlin.Any origin=null
                              method: RAW_FUNCTION_REFERENCE 'public abstract fun invoke (p1: android.graphics.Bitmap): kotlin.Unit? [fake_override,operator] declared in kotlin.jvm.internal.invokeDynamic.<fake>' type=kotlin.Any
                      onError: BLOCK type=kotlin.Function1<kotlin.String, kotlin.Unit> origin=LAMBDA
                        COMPOSITE type=kotlin.Unit origin=null
                        CALL 'public final fun <jvm-indy> <T> (dynamicCall: T of kotlin.jvm.internal.<jvm-indy>, bootstrapMethodHandle: kotlin.Any, vararg bootstrapMethodArguments: kotlin.Any): T of kotlin.jvm.internal.<jvm-indy> declared in kotlin.jvm.internal' type=kotlin.Function1<kotlin.String, kotlin.Unit> origin=null
                          <T>: kotlin.Function1<kotlin.String, kotlin.Unit>
                          dynamicCall: CALL 'public final fun invoke (p0: androidx.compose.runtime.MutableState<kotlin.Boolean>): kotlin.Function1<kotlin.String, kotlin.Unit> declared in kotlin.jvm.internal.invokeDynamic' type=kotlin.Function1<kotlin.String, kotlin.Unit> origin=null
                            p0: GET_FIELD 'FIELD FIELD_FOR_CAPTURED_VALUE name:$isLoading$delegate type:androidx.compose.runtime.MutableState<kotlin.Boolean> visibility:public/*package*/ [final]' type=androidx.compose.runtime.MutableState<kotlin.Boolean> origin=null
                              receiver: GET_VAR '<this>: com.kumcompany.blurri.BlurriImageKt.BlurriImage.<no name provided> declared in com.kumcompany.blurri.BlurriImageKt.BlurriImage.<no name provided>.invokeSuspend' type=com.kumcompany.blurri.BlurriImageKt.BlurriImage.<no name provided> origin=null
                          bootstrapMethodHandle: CALL 'public final fun <jvm-method-handle> (tag: kotlin.Int, owner: kotlin.String, name: kotlin.String, descriptor: kotlin.String, isInterface: kotlin.Boolean): kotlin.Any declared in kotlin.jvm.internal' type=kotlin.Any origin=null
                            tag: CONST Int type=kotlin.Int value=6
                            owner: CONST String type=kotlin.String value="java/lang/invoke/LambdaMetafactory"
                            name: CONST String type=kotlin.String value="metafactory"
                            descriptor: CONST String type=kotlin.String value="(Ljava/lang/invoke/MethodHandles$Lookup;Ljava/lang/String;Ljava/lang/invoke/MethodType;Ljava/lang/invoke/MethodType;Ljava/lang/invoke/MethodHandle;Ljava/lang/invoke/MethodType;)Ljava/lang/invoke/CallSite;"
                            isInterface: CONST Boolean type=kotlin.Boolean value=false
                          bootstrapMethodArguments: VARARG type=kotlin.Array<kotlin.Any> varargElementType=kotlin.Any
                            CALL 'public final fun <jvm-original-method-type> (method: kotlin.Any): kotlin.Any declared in kotlin.jvm.internal' type=kotlin.Any origin=null
                              method: RAW_FUNCTION_REFERENCE 'public abstract fun invoke (p1: P1 of kotlin.Function1): R of kotlin.Function1 [operator] declared in kotlin.Function1' type=kotlin.Any
                            RAW_FUNCTION_REFERENCE 'private final fun invokeSuspend$lambda$1 ($isLoading$delegate: androidx.compose.runtime.MutableState<kotlin.Boolean>, it: kotlin.String): kotlin.Unit? declared in com.kumcompany.blurri.BlurriImageKt.BlurriImage.<no name provided>' type=kotlin.Any
                            CALL 'public final fun <jvm-original-method-type> (method: kotlin.Any): kotlin.Any declared in kotlin.jvm.internal' type=kotlin.Any origin=null
                              method: RAW_FUNCTION_REFERENCE 'public abstract fun invoke (p1: kotlin.String): kotlin.Unit? [fake_override,operator] declared in kotlin.jvm.internal.invokeDynamic.<fake>' type=kotlin.Any
                      $completion: GET_VAR '<this>: com.kumcompany.blurri.BlurriImageKt.BlurriImage.<no name provided> declared in com.kumcompany.blurri.BlurriImageKt.BlurriImage.<no name provided>.invokeSuspend' type=com.kumcompany.blurri.BlurriImageKt.BlurriImage.<no name provided> origin=null
                FUN name:create visibility:public modality:FINAL <> ($this:com.kumcompany.blurri.BlurriImageKt.BlurriImage.<no name provided>, value:kotlin.Any?, $completion:kotlin.coroutines.Continuation<kotlin.Nothing>) returnType:kotlin.coroutines.Continuation<kotlin.Unit>
                  overridden:
                    public open fun create (value: kotlin.Any?, $completion: kotlin.coroutines.Continuation<kotlin.Nothing>): kotlin.coroutines.Continuation<kotlin.Unit> declared in kotlin.coroutines.jvm.internal.SuspendLambda
                  $this: VALUE_PARAMETER INSTANCE_RECEIVER name:<this> type:com.kumcompany.blurri.BlurriImageKt.BlurriImage.<no name provided>
                  VALUE_PARAMETER name:value index:0 type:kotlin.Any?
                  VALUE_PARAMETER name:$completion index:1 type:kotlin.coroutines.Continuation<kotlin.Nothing>
                  BLOCK_BODY
                    RETURN type=kotlin.Nothing from='public final fun create (value: kotlin.Any?, $completion: kotlin.coroutines.Continuation<kotlin.Nothing>): kotlin.coroutines.Continuation<kotlin.Unit> declared in com.kumcompany.blurri.BlurriImageKt.BlurriImage.<no name provided>'
                      CONSTRUCTOR_CALL 'public/*package*/ constructor <init> ($url: kotlin.String, $isLoading$delegate: androidx.compose.runtime.MutableState<kotlin.Boolean>, $bitmap$delegate: androidx.compose.runtime.MutableState<android.graphics.Bitmap?>, $completion: kotlin.coroutines.Continuation<com.kumcompany.blurri.BlurriImageKt.BlurriImage.<no name provided>>?) [primary] declared in com.kumcompany.blurri.BlurriImageKt.BlurriImage.<no name provided>' type=com.kumcompany.blurri.BlurriImageKt.BlurriImage.<no name provided> origin=null
                        $url: GET_FIELD 'FIELD FIELD_FOR_CAPTURED_VALUE name:$url type:kotlin.String visibility:public/*package*/ [final]' type=kotlin.String origin=null
                          receiver: GET_VAR '<this>: com.kumcompany.blurri.BlurriImageKt.BlurriImage.<no name provided> declared in com.kumcompany.blurri.BlurriImageKt.BlurriImage.<no name provided>.create' type=com.kumcompany.blurri.BlurriImageKt.BlurriImage.<no name provided> origin=null
                        $isLoading$delegate: GET_FIELD 'FIELD FIELD_FOR_CAPTURED_VALUE name:$isLoading$delegate type:androidx.compose.runtime.MutableState<kotlin.Boolean> visibility:public/*package*/ [final]' type=androidx.compose.runtime.MutableState<kotlin.Boolean> origin=null
                          receiver: GET_VAR '<this>: com.kumcompany.blurri.BlurriImageKt.BlurriImage.<no name provided> declared in com.kumcompany.blurri.BlurriImageKt.BlurriImage.<no name provided>.create' type=com.kumcompany.blurri.BlurriImageKt.BlurriImage.<no name provided> origin=null
                        $bitmap$delegate: GET_FIELD 'FIELD FIELD_FOR_CAPTURED_VALUE name:$bitmap$delegate type:androidx.compose.runtime.MutableState<android.graphics.Bitmap?> visibility:public/*package*/ [final]' type=androidx.compose.runtime.MutableState<android.graphics.Bitmap?> origin=null
                          receiver: GET_VAR '<this>: com.kumcompany.blurri.BlurriImageKt.BlurriImage.<no name provided> declared in com.kumcompany.blurri.BlurriImageKt.BlurriImage.<no name provided>.create' type=com.kumcompany.blurri.BlurriImageKt.BlurriImage.<no name provided> origin=null
                        $completion: GET_VAR '$completion: kotlin.coroutines.Continuation<kotlin.Nothing> declared in com.kumcompany.blurri.BlurriImageKt.BlurriImage.<no name provided>.create' type=kotlin.coroutines.Continuation<kotlin.Nothing> origin=null
                FUN name:invoke visibility:public modality:FINAL <> ($this:com.kumcompany.blurri.BlurriImageKt.BlurriImage.<no name provided>, p1:kotlinx.coroutines.CoroutineScope, p2:kotlin.coroutines.Continuation<kotlin.Unit>?) returnType:kotlin.Any?
                  overridden:
                    public abstract fun invoke (p1: P1 of kotlin.jvm.functions.Function2, p2: P2 of kotlin.jvm.functions.Function2): R of kotlin.jvm.functions.Function2 declared in kotlin.jvm.functions.Function2
                  $this: VALUE_PARAMETER INSTANCE_RECEIVER name:<this> type:com.kumcompany.blurri.BlurriImageKt.BlurriImage.<no name provided>
                  VALUE_PARAMETER name:p1 index:0 type:kotlinx.coroutines.CoroutineScope
                  VALUE_PARAMETER name:p2 index:1 type:kotlin.coroutines.Continuation<kotlin.Unit>?
                  BLOCK_BODY
                    RETURN type=kotlin.Nothing from='public final fun invoke (p1: kotlinx.coroutines.CoroutineScope, p2: kotlin.coroutines.Continuation<kotlin.Unit>?): kotlin.Any? declared in com.kumcompany.blurri.BlurriImageKt.BlurriImage.<no name provided>'
                      CALL 'public final fun invokeSuspend ($result: kotlin.Result<kotlin.Any?>): kotlin.Any? declared in com.kumcompany.blurri.BlurriImageKt.BlurriImage.<no name provided>' type=kotlin.Any? origin=null
                        $this: TYPE_OP type=com.kumcompany.blurri.BlurriImageKt.BlurriImage.<no name provided> origin=IMPLICIT_CAST typeOperand=com.kumcompany.blurri.BlurriImageKt.BlurriImage.<no name provided>
                          CALL 'public final fun create (value: kotlin.Any?, $completion: kotlin.coroutines.Continuation<kotlin.Nothing>): kotlin.coroutines.Continuation<kotlin.Unit> declared in com.kumcompany.blurri.BlurriImageKt.BlurriImage.<no name provided>' type=kotlin.coroutines.Continuation<kotlin.Unit> origin=null
                            $this: GET_VAR '<this>: com.kumcompany.blurri.BlurriImageKt.BlurriImage.<no name provided> declared in com.kumcompany.blurri.BlurriImageKt.BlurriImage.<no name provided>.invoke' type=com.kumcompany.blurri.BlurriImageKt.BlurriImage.<no name provided> origin=null
                            value: GET_VAR 'p1: kotlinx.coroutines.CoroutineScope declared in com.kumcompany.blurri.BlurriImageKt.BlurriImage.<no name provided>.invoke' type=kotlinx.coroutines.CoroutineScope origin=null
                            $completion: GET_VAR 'p2: kotlin.coroutines.Continuation<kotlin.Unit>? declared in com.kumcompany.blurri.BlurriImageKt.BlurriImage.<no name provided>.invoke' type=kotlin.coroutines.Continuation<kotlin.Unit>? origin=null
                        $result: CALL 'public final fun <unsafe-coerce> <T, R> (v: T of kotlin.jvm.internal.<unsafe-coerce>): R of kotlin.jvm.internal.<unsafe-coerce> declared in kotlin.jvm.internal' type=kotlin.Result<kotlin.Any?> origin=null
                          <T>: kotlin.Any?
                          <R>: kotlin.Result<kotlin.Any?>
                          v: GET_FIELD 'FIELD FIELD_FOR_OBJECT_INSTANCE name:INSTANCE type:kotlin.Unit visibility:public [final,static]' type=kotlin.Unit origin=null
                FIELD FIELD_FOR_CAPTURED_VALUE name:$url type:kotlin.String visibility:public/*package*/ [final]
                FIELD FIELD_FOR_CAPTURED_VALUE name:$isLoading$delegate type:androidx.compose.runtime.MutableState<kotlin.Boolean> visibility:public/*package*/ [final]
                FIELD FIELD_FOR_CAPTURED_VALUE name:$bitmap$delegate type:androidx.compose.runtime.MutableState<android.graphics.Bitmap?> visibility:public/*package*/ [final]
                FUN LOCAL_FUNCTION_FOR_LAMBDA name:invokeSuspend$lambda$0 visibility:private modality:FINAL <> ($bitmap$delegate:androidx.compose.runtime.MutableState<android.graphics.Bitmap?>, $isLoading$delegate:androidx.compose.runtime.MutableState<kotlin.Boolean>, loadedBitmap:android.graphics.Bitmap) returnType:kotlin.Unit?
                  VALUE_PARAMETER BOUND_VALUE_PARAMETER name:$bitmap$delegate index:0 type:androidx.compose.runtime.MutableState<android.graphics.Bitmap?>
                  VALUE_PARAMETER BOUND_VALUE_PARAMETER name:$isLoading$delegate index:1 type:androidx.compose.runtime.MutableState<kotlin.Boolean>
                  VALUE_PARAMETER name:loadedBitmap index:2 type:android.graphics.Bitmap
                  BLOCK_BODY
                    CALL 'public final fun access$BlurriImage$lambda$5 ($bitmap$delegate: androidx.compose.runtime.MutableState<android.graphics.Bitmap?>, <set-?>: android.graphics.Bitmap?): kotlin.Unit declared in com.kumcompany.blurri.BlurriImageKt' type=kotlin.Unit origin=EQ
                      $bitmap$delegate: GET_VAR '$bitmap$delegate: androidx.compose.runtime.MutableState<android.graphics.Bitmap?> declared in com.kumcompany.blurri.BlurriImageKt.BlurriImage.<no name provided>.invokeSuspend$lambda$0' type=androidx.compose.runtime.MutableState<android.graphics.Bitmap?> origin=null
                      <set-?>: GET_VAR 'loadedBitmap: android.graphics.Bitmap declared in com.kumcompany.blurri.BlurriImageKt.BlurriImage.<no name provided>.invokeSuspend$lambda$0' type=android.graphics.Bitmap origin=null
                    CALL 'public final fun access$BlurriImage$lambda$2 ($isLoading$delegate: androidx.compose.runtime.MutableState<kotlin.Boolean>, <set-?>: kotlin.Boolean): kotlin.Unit declared in com.kumcompany.blurri.BlurriImageKt' type=kotlin.Unit origin=EQ
                      $isLoading$delegate: GET_VAR '$isLoading$delegate: androidx.compose.runtime.MutableState<kotlin.Boolean> declared in com.kumcompany.blurri.BlurriImageKt.BlurriImage.<no name provided>.invokeSuspend$lambda$0' type=androidx.compose.runtime.MutableState<kotlin.Boolean> origin=null
                      <set-?>: CONST Boolean type=kotlin.Boolean value=false
                FUN LOCAL_FUNCTION_FOR_LAMBDA name:invokeSuspend$lambda$1 visibility:private modality:FINAL <> ($isLoading$delegate:androidx.compose.runtime.MutableState<kotlin.Boolean>, it:kotlin.String) returnType:kotlin.Unit?
                  VALUE_PARAMETER BOUND_VALUE_PARAMETER name:$isLoading$delegate index:0 type:androidx.compose.runtime.MutableState<kotlin.Boolean>
                  VALUE_PARAMETER name:it index:1 type:kotlin.String
                  BLOCK_BODY
                    CALL 'public final fun access$BlurriImage$lambda$2 ($isLoading$delegate: androidx.compose.runtime.MutableState<kotlin.Boolean>, <set-?>: kotlin.Boolean): kotlin.Unit declared in com.kumcompany.blurri.BlurriImageKt' type=kotlin.Unit origin=EQ
                      $isLoading$delegate: GET_VAR '$isLoading$delegate: androidx.compose.runtime.MutableState<kotlin.Boolean> declared in com.kumcompany.blurri.BlurriImageKt.BlurriImage.<no name provided>.invokeSuspend$lambda$1' type=androidx.compose.runtime.MutableState<kotlin.Boolean> origin=null
                      <set-?>: CONST Boolean type=kotlin.Boolean value=false
                FUN BRIDGE name:invoke visibility:public modality:OPEN <> ($this:com.kumcompany.blurri.BlurriImageKt.BlurriImage.<no name provided>, p1:kotlin.Any?, p2:kotlin.Any?) returnType:kotlin.Any?
                  $this: VALUE_PARAMETER INSTANCE_RECEIVER name:<this> type:com.kumcompany.blurri.BlurriImageKt.BlurriImage.<no name provided>
                  VALUE_PARAMETER BRIDGE name:p1 index:0 type:kotlin.Any?
                  VALUE_PARAMETER BRIDGE name:p2 index:1 type:kotlin.Any?
                  EXPRESSION_BODY
                    RETURN type=kotlin.Nothing from='public open fun invoke (p1: kotlin.Any?, p2: kotlin.Any?): kotlin.Any? declared in com.kumcompany.blurri.BlurriImageKt.BlurriImage.<no name provided>'
                      CALL 'public final fun invoke (p1: kotlinx.coroutines.CoroutineScope, p2: kotlin.coroutines.Continuation<kotlin.Unit>?): kotlin.Any? declared in com.kumcompany.blurri.BlurriImageKt.BlurriImage.<no name provided>' type=kotlin.Any? origin=BRIDGE_DELEGATION
                        $this: GET_VAR '<this>: com.kumcompany.blurri.BlurriImageKt.BlurriImage.<no name provided> declared in com.kumcompany.blurri.BlurriImageKt.BlurriImage.<no name provided>.invoke' type=com.kumcompany.blurri.BlurriImageKt.BlurriImage.<no name provided> origin=null
                        p1: TYPE_OP type=kotlinx.coroutines.CoroutineScope origin=IMPLICIT_CAST typeOperand=kotlinx.coroutines.CoroutineScope
                          GET_VAR 'p1: kotlin.Any? declared in com.kumcompany.blurri.BlurriImageKt.BlurriImage.<no name provided>.invoke' type=kotlin.Any? origin=null
                        p2: TYPE_OP type=kotlin.coroutines.Continuation<*> origin=IMPLICIT_CAST typeOperand=kotlin.coroutines.Continuation<*>
                          GET_VAR 'p2: kotlin.Any? declared in com.kumcompany.blurri.BlurriImageKt.BlurriImage.<no name provided>.invoke' type=kotlin.Any? origin=null
              CONSTRUCTOR_CALL 'public/*package*/ constructor <init> ($url: kotlin.String, $isLoading$delegate: androidx.compose.runtime.MutableState<kotlin.Boolean>, $bitmap$delegate: androidx.compose.runtime.MutableState<android.graphics.Bitmap?>, $completion: kotlin.coroutines.Continuation<com.kumcompany.blurri.BlurriImageKt.BlurriImage.<no name provided>>?) [primary] declared in com.kumcompany.blurri.BlurriImageKt.BlurriImage.<no name provided>' type=com.kumcompany.blurri.BlurriImageKt.BlurriImage.<no name provided> origin=null
                $url: GET_VAR 'url: kotlin.String declared in com.kumcompany.blurri.BlurriImageKt.BlurriImage' type=kotlin.String origin=null
                $isLoading$delegate: GET_VAR 'val isLoading$delegate: androidx.compose.runtime.MutableState<kotlin.Boolean> [val] declared in com.kumcompany.blurri.BlurriImageKt.BlurriImage' type=androidx.compose.runtime.MutableState<kotlin.Boolean> origin=null
                $bitmap$delegate: GET_VAR 'val bitmap$delegate: androidx.compose.runtime.MutableState<android.graphics.Bitmap?> [val] declared in com.kumcompany.blurri.BlurriImageKt.BlurriImage' type=androidx.compose.runtime.MutableState<android.graphics.Bitmap?> origin=null
                $completion: CONST Null type=kotlin.Nothing? value=null
    CALL 'public final fun Box$default (modifier: androidx.compose.ui.Modifier?, contentAlignment: androidx.compose.ui.Alignment?, propagateMinConstraints: kotlin.Boolean, content: @[Composable] @[ExtensionFunctionType] kotlin.Function1<androidx.compose.foundation.layout.BoxScope, kotlin.Unit>, $mask0: kotlin.Int, $handler: kotlin.Any?): kotlin.Unit [inline] declared in androidx.compose.foundation.layout.BoxKt' type=kotlin.Unit origin=DEFAULT_DISPATCH_CALL
      modifier: CALL 'public final fun fillMaxSize$default (fraction: kotlin.Float, $mask0: kotlin.Int, $handler: kotlin.Any?): androidx.compose.ui.Modifier declared in androidx.compose.foundation.layout.SizeKt' type=androidx.compose.ui.Modifier origin=DEFAULT_DISPATCH_CALL
        $receiver: GET_VAR 'modifier: androidx.compose.ui.Modifier declared in com.kumcompany.blurri.BlurriImageKt.BlurriImage' type=androidx.compose.ui.Modifier origin=null
        fraction: COMPOSITE type=kotlin.Float origin=DEFAULT_VALUE
          CONST Float type=kotlin.Float value=0.0
        $mask0: CONST Int type=kotlin.Int value=1
        $handler: CONST Null type=kotlin.Any? value=null
      contentAlignment: CALL 'public final fun <get-Center> (): androidx.compose.ui.Alignment declared in androidx.compose.ui.Alignment.Companion' type=androidx.compose.ui.Alignment origin=GET_PROPERTY
        $this: GET_FIELD 'FIELD FIELD_FOR_OBJECT_INSTANCE name:Companion type:androidx.compose.ui.Alignment.Companion visibility:public [final,static]' type=androidx.compose.ui.Alignment.Companion origin=null
      propagateMinConstraints: COMPOSITE type=kotlin.Boolean origin=DEFAULT_VALUE
        CONST Boolean type=kotlin.Boolean value=false
      content: BLOCK type=@[ExtensionFunctionType] kotlin.Function1<androidx.compose.foundation.layout.BoxScope, kotlin.Unit> origin=LAMBDA
        COMPOSITE type=kotlin.Unit origin=null
        FUNCTION_REFERENCE 'private final fun BlurriImage$lambda$7 ($isLoading$delegate: androidx.compose.runtime.MutableState<kotlin.Boolean>, $bitmap$delegate: androidx.compose.runtime.MutableState<android.graphics.Bitmap?>, $contentDescription: kotlin.String?, $contentScale: androidx.compose.ui.layout.ContentScale): kotlin.Unit declared in com.kumcompany.blurri.BlurriImageKt' type=@[ExtensionFunctionType] kotlin.Function1<androidx.compose.foundation.layout.BoxScope, kotlin.Unit> origin=INLINE_LAMBDA reflectionTarget=null
          $isLoading$delegate: GET_VAR 'val isLoading$delegate: androidx.compose.runtime.MutableState<kotlin.Boolean> [val] declared in com.kumcompany.blurri.BlurriImageKt.BlurriImage' type=androidx.compose.runtime.MutableState<kotlin.Boolean> origin=null
          $bitmap$delegate: GET_VAR 'val bitmap$delegate: androidx.compose.runtime.MutableState<android.graphics.Bitmap?> [val] declared in com.kumcompany.blurri.BlurriImageKt.BlurriImage' type=androidx.compose.runtime.MutableState<android.graphics.Bitmap?> origin=null
          $contentDescription: GET_VAR 'contentDescription: kotlin.String? declared in com.kumcompany.blurri.BlurriImageKt.BlurriImage' type=kotlin.String? origin=null
          $contentScale: GET_VAR 'contentScale: androidx.compose.ui.layout.ContentScale declared in com.kumcompany.blurri.BlurriImageKt.BlurriImage' type=androidx.compose.ui.layout.ContentScale origin=null
      $mask0: CONST Int type=kotlin.Int value=4
      $handler: CONST Null type=kotlin.Any? value=null

	at org.jetbrains.kotlin.backend.jvm.codegen.FunctionCodegen.generate(FunctionCodegen.kt:50)
	at org.jetbrains.kotlin.backend.jvm.codegen.FunctionCodegen.generate$default(FunctionCodegen.kt:42)
	at org.jetbrains.kotlin.backend.jvm.codegen.ClassCodegen.generateMethodNode(ClassCodegen.kt:385)
	at org.jetbrains.kotlin.backend.jvm.codegen.ClassCodegen.generateMethod(ClassCodegen.kt:402)
	at org.jetbrains.kotlin.backend.jvm.codegen.ClassCodegen.generate(ClassCodegen.kt:169)
	at org.jetbrains.kotlin.backend.jvm.FileCodegen.lower(JvmPhases.kt:41)
	at org.jetbrains.kotlin.backend.common.phaser.PhaseBuildersKt.makeIrFilePhase$lambda$5(PhaseBuilders.kt:114)
	at org.jetbrains.kotlin.backend.common.phaser.PhaseBuildersKt$createSimpleNamedCompilerPhase$1.phaseBody(PhaseBuilders.kt:71)
	at org.jetbrains.kotlin.backend.common.phaser.SimpleNamedCompilerPhase.phaseBody(CompilerPhase.kt:226)
	at org.jetbrains.kotlin.backend.common.phaser.AbstractNamedCompilerPhase.invoke(CompilerPhase.kt:113)
	at org.jetbrains.kotlin.backend.common.phaser.PerformByIrFilePhase.invokeSequential(performByIrFile.kt:62)
	... 43 more
Caused by: org.jetbrains.kotlin.codegen.CompilationException: Back-end (JVM) Internal error: Couldn't inline method call: CALL 'public final fun remember <T> (calculation: @[DisallowComposableCalls] kotlin.Function0<T of androidx.compose.runtime.ComposablesKt.remember>): T of androidx.compose.runtime.ComposablesKt.remember [inline] declared in androidx.compose.runtime.ComposablesKt' type=androidx.compose.runtime.MutableState<android.graphics.Bitmap?> origin=null
Method: null
File is unknown
The root cause java.lang.IllegalStateException was thrown at: org.jetbrains.kotlin.codegen.inline.SourceCompilerForInlineKt.getMethodNode(SourceCompilerForInline.kt:118)
	at org.jetbrains.kotlin.codegen.inline.InlineCodegen.performInline(InlineCodegen.kt:65)
	at org.jetbrains.kotlin.backend.jvm.codegen.IrInlineCodegen.genInlineCall(IrInlineCodegen.kt:162)
	at org.jetbrains.kotlin.backend.jvm.codegen.IrInlineCallGenerator.genCall(IrInlineCallGenerator.kt:36)
	at org.jetbrains.kotlin.backend.jvm.codegen.ExpressionCodegen.visitCall(ExpressionCodegen.kt:647)
	at org.jetbrains.kotlin.backend.jvm.codegen.ExpressionCodegen.visitCall(ExpressionCodegen.kt:137)
	at org.jetbrains.kotlin.ir.expressions.IrCall.accept(IrCall.kt:24)
	at org.jetbrains.kotlin.backend.jvm.codegen.ExpressionCodegen.visitVariable(ExpressionCodegen.kt:784)
	at org.jetbrains.kotlin.backend.jvm.codegen.ExpressionCodegen.visitVariable(ExpressionCodegen.kt:137)
	at org.jetbrains.kotlin.ir.declarations.IrVariable.accept(IrVariable.kt:36)
	at org.jetbrains.kotlin.backend.jvm.codegen.ExpressionCodegen.visitStatementContainer(ExpressionCodegen.kt:573)
	at org.jetbrains.kotlin.backend.jvm.codegen.ExpressionCodegen.visitBlockBody(ExpressionCodegen.kt:578)
	at org.jetbrains.kotlin.backend.jvm.codegen.ExpressionCodegen.visitBlockBody(ExpressionCodegen.kt:137)
	at org.jetbrains.kotlin.ir.expressions.IrBlockBody.accept(IrBlockBody.kt:20)
	at org.jetbrains.kotlin.backend.jvm.codegen.ExpressionCodegen.generate(ExpressionCodegen.kt:239)
	at org.jetbrains.kotlin.backend.jvm.codegen.FunctionCodegen.doGenerate(FunctionCodegen.kt:121)
	at org.jetbrains.kotlin.backend.jvm.codegen.FunctionCodegen.generate(FunctionCodegen.kt:46)
	... 53 more
Caused by: java.lang.IllegalStateException: couldn't find inline method Landroidx/compose/runtime/ComposablesKt;.remember(Lkotlin/jvm/functions/Function0;)Ljava/lang/Object;
	at org.jetbrains.kotlin.codegen.inline.SourceCompilerForInlineKt.getMethodNode(SourceCompilerForInline.kt:118)
	at org.jetbrains.kotlin.codegen.inline.SourceCompilerForInlineKt.loadCompiledInlineFunction(SourceCompilerForInline.kt:96)
	at org.jetbrains.kotlin.backend.jvm.codegen.IrSourceCompilerForInline.compileInlineFunction(IrSourceCompilerForInline.kt:91)
	at org.jetbrains.kotlin.codegen.inline.InlineCodegen.compileInline(InlineCodegen.kt:43)
	at org.jetbrains.kotlin.codegen.inline.InlineCodegen.performInline(InlineCodegen.kt:51)
	... 68 more


